<?xml version="1.0" encoding="UTF-8"?>
<testng-results ignored="0" total="1" passed="1" failed="0" skipped="0">
  <reporter-output>
  </reporter-output>
  <suite started-at="2023-11-14T17:35:09 IST" name="Default suite" finished-at="2023-11-14T17:35:26 IST" duration-ms="17006">
    <groups>
    </groups>
    <test started-at="2023-11-14T17:35:09 IST" name="Default test" finished-at="2023-11-14T17:35:26 IST" duration-ms="17006">
      <class name="sampleTcRepo.CreateContact">
        <test-method is-config="true" signature="DbConnectionEstablish()[pri:0, instance:sampleTcRepo.CreateContact@145f66e3]" started-at="2023-11-14T17:35:09 IST" name="DbConnectionEstablish" finished-at="2023-11-14T17:35:09 IST" duration-ms="194" status="PASS">
          <reporter-output>
          </reporter-output>
        </test-method> <!-- DbConnectionEstablish -->
        <test-method is-config="true" signature="LaunchBrowser()[pri:0, instance:sampleTcRepo.CreateContact@145f66e3]" started-at="2023-11-14T17:35:09 IST" name="LaunchBrowser" finished-at="2023-11-14T17:35:12 IST" duration-ms="3380" status="PASS">
          <reporter-output>
          </reporter-output>
        </test-method> <!-- LaunchBrowser -->
        <test-method is-config="true" signature="LoginOperation()[pri:0, instance:sampleTcRepo.CreateContact@145f66e3]" started-at="2023-11-14T17:35:12 IST" name="LoginOperation" finished-at="2023-11-14T17:35:14 IST" duration-ms="1789" status="PASS">
          <reporter-output>
          </reporter-output>
        </test-method> <!-- LoginOperation -->
        <test-method signature="addContact()[pri:0, instance:sampleTcRepo.CreateContact@145f66e3]" started-at="2023-11-14T17:35:14 IST" name="addContact" finished-at="2023-11-14T17:35:22 IST" duration-ms="7777" status="PASS">
          <reporter-output>
          </reporter-output>
        </test-method> <!-- addContact -->
        <test-method is-config="true" signature="LogoutOperation()[pri:0, instance:sampleTcRepo.CreateContact@145f66e3]" started-at="2023-11-14T17:35:22 IST" name="LogoutOperation" finished-at="2023-11-14T17:35:26 IST" duration-ms="3869" status="PASS">
          <reporter-output>
          </reporter-output>
        </test-method> <!-- LogoutOperation -->
        <test-method is-config="true" signature="CloseBrowserOperation()[pri:0, instance:sampleTcRepo.CreateContact@145f66e3]" started-at="2023-11-14T17:35:26 IST" name="CloseBrowserOperation" finished-at="2023-11-14T17:35:26 IST" duration-ms="156" status="PASS">
          <reporter-output>
          </reporter-output>
        </test-method> <!-- CloseBrowserOperation -->
        <test-method is-config="true" signature="DbDisconnection()[pri:0, instance:sampleTcRepo.CreateContact@145f66e3]" started-at="2023-11-14T17:35:26 IST" name="DbDisconnection" finished-at="2023-11-14T17:35:26 IST" duration-ms="2" status="FAIL">
          <exception class="java.lang.NullPointerException">
            <message>
              <![CDATA[Cannot invoke "java.sql.Connection.close()" because "this.c" is null]]>
            </message>
            <full-stacktrace>
              <![CDATA[java.lang.NullPointerException: Cannot invoke "java.sql.Connection.close()" because "this.c" is null
at genericUtility.DatabaseUtility.closeConnection(DatabaseUtility.java:35)
at genericUtility.BaseClass.DbDisconnection(BaseClass.java:72)
at java.base/jdk.internal.reflect.DirectMethodHandleAccessor.invoke(DirectMethodHandleAccessor.java:104)
at java.base/java.lang.reflect.Method.invoke(Method.java:578)
at org.testng.internal.MethodInvocationHelper.invokeMethod(MethodInvocationHelper.java:133)
at org.testng.internal.MethodInvocationHelper.invokeMethodConsideringTimeout(MethodInvocationHelper.java:62)
at org.testng.internal.ConfigInvoker.invokeConfigurationMethod(ConfigInvoker.java:385)
at org.testng.internal.ConfigInvoker.invokeConfigurations(ConfigInvoker.java:321)
at org.testng.SuiteRunner.privateRun(SuiteRunner.java:344)
at org.testng.SuiteRunner.run(SuiteRunner.java:276)
at org.testng.SuiteRunnerWorker.runSuite(SuiteRunnerWorker.java:53)
at org.testng.SuiteRunnerWorker.run(SuiteRunnerWorker.java:96)
at org.testng.TestNG.runSuitesSequentially(TestNG.java:1212)
at org.testng.TestNG.runSuitesLocally(TestNG.java:1134)
at org.testng.TestNG.runSuites(TestNG.java:1063)
at org.testng.TestNG.run(TestNG.java:1031)
at org.testng.remote.AbstractRemoteTestNG.run(AbstractRemoteTestNG.java:115)
at org.testng.remote.RemoteTestNG.initAndRun(RemoteTestNG.java:251)
at org.testng.remote.RemoteTestNG.main(RemoteTestNG.java:77)
]]>
            </full-stacktrace>
          </exception> <!-- java.lang.NullPointerException -->
          <reporter-output>
          </reporter-output>
        </test-method> <!-- DbDisconnection -->
      </class> <!-- sampleTcRepo.CreateContact -->
    </test> <!-- Default test -->
  </suite> <!-- Default suite -->
</testng-results>
